2019-01-16 01:17:16,038 CRIT Supervisor running as root (no user in config file)
2019-01-16 01:17:16,038 WARN For [program:app], redirect_stderr=true but stderr_logfile has also been set to a filename, the filename has been ignored
2019-01-16 01:17:16,050 INFO RPC interface 'supervisor' initialized
2019-01-16 01:17:16,051 CRIT Server 'unix_http_server' running without any HTTP authentication checking
2019-01-16 01:17:16,056 INFO supervisord started with pid 1
2019-01-16 01:17:17,060 INFO spawned: 'app' with pid 8
2019-01-16 01:17:18,278 INFO success: app entered RUNNING state, process has stayed up for > than 1 seconds (startsecs)
2019-01-16 02:33:30,132 WARN received SIGTERM indicating exit request
2019-01-16 02:33:30,139 INFO waiting for app to die
2019-01-16 02:33:30,317 INFO stopped: app (exit status 0)
2019-01-17 19:29:22,988 CRIT Supervisor running as root (no user in config file)
2019-01-17 19:29:22,988 WARN For [program:app], redirect_stderr=true but stderr_logfile has also been set to a filename, the filename has been ignored
2019-01-17 19:29:23,006 INFO RPC interface 'supervisor' initialized
2019-01-17 19:29:23,007 CRIT Server 'unix_http_server' running without any HTTP authentication checking
2019-01-17 19:29:23,012 INFO supervisord started with pid 1
2019-01-17 19:29:24,018 INFO spawned: 'app' with pid 8
2019-01-17 19:29:25,215 INFO success: app entered RUNNING state, process has stayed up for > than 1 seconds (startsecs)
2019-01-17 19:30:50,740 INFO waiting for app to stop
2019-01-17 19:30:50,788 INFO stopped: app (exit status 0)
2019-01-17 19:34:51,183 INFO spawned: 'app' with pid 88
2019-01-17 19:34:52,383 INFO success: app entered RUNNING state, process has stayed up for > than 1 seconds (startsecs)
2019-01-17 19:35:20,941 CRIT Supervisor running as root (no user in config file)
2019-01-17 19:35:20,941 WARN For [program:app], redirect_stderr=true but stderr_logfile has also been set to a filename, the filename has been ignored
2019-01-17 19:35:20,952 INFO RPC interface 'supervisor' initialized
2019-01-17 19:35:20,953 CRIT Server 'unix_http_server' running without any HTTP authentication checking
2019-01-17 19:35:20,962 INFO supervisord started with pid 1
2019-01-17 19:35:21,966 INFO spawned: 'app' with pid 8
2019-01-17 19:35:23,162 INFO success: app entered RUNNING state, process has stayed up for > than 1 seconds (startsecs)
2019-01-18 14:50:42,967 CRIT Supervisor running as root (no user in config file)
2019-01-18 14:50:42,967 WARN For [program:app], redirect_stderr=true but stderr_logfile has also been set to a filename, the filename has been ignored
2019-01-18 14:50:42,978 INFO RPC interface 'supervisor' initialized
2019-01-18 14:50:42,979 CRIT Server 'unix_http_server' running without any HTTP authentication checking
2019-01-18 14:50:42,984 INFO supervisord started with pid 1
2019-01-18 14:50:43,989 INFO spawned: 'app' with pid 8
2019-01-18 14:50:45,225 INFO success: app entered RUNNING state, process has stayed up for > than 1 seconds (startsecs)
2019-01-18 15:49:14,885 INFO waiting for app to stop
2019-01-18 15:49:14,944 INFO stopped: app (exit status 0)
